<?xml version="1.0" encoding="UTF-8"?>
<!-- Generated by org.testng.reporters.JUnitReportReporter -->
<testsuite hostname="DESKTOP-64B31O7" failures="0" tests="3" name="Tests.TestCase" time="119.635" errors="0" timestamp="2024-05-04T14:54:45 SAST" skipped="0">
  <testcase classname="Tests.TestCase" name="TestCase2" time="42.114"/>
  <system-out/>
  <testcase classname="Tests.TestCase" name="TestCase1" time="33.940"/>
  <system-out/>
  <testcase classname="Tests.TestCase" name="TestCase3" time="43.581"/>
  <system-out/>
</testsuite> <!-- Tests.TestCase -->
